

 ____  ____  _  _      _____    ____  _     ____  _      _  __   _    _____    ____     _ 
/  __\/  _ \/ \/ \  /|/__ __\  /  __\/ \   /  _ \/ \  /|/ |/ /  / \ |\\__  \  /_   \/\ / |
|  \/|| / \|| || |\ ||  / \    | | //| |   | / \|| |\ |||   /   | | //  /  |   /   /\_\| |
|  __/| \_/|| || | \||  | |    | |_\\| |_/\| |-||| | \|||   \   | \//  _\  |__/   /_   | |
\_/   \____/\_/\_/  \|  \_/    \____/\____/\_/ \|\_/  \|\_|\_\  \__/  /____/\/\____/   \_|


12:03:56 [Error] System.IndexOutOfRangeException: Column must be between 0 and 12
   konum: Npgsql.NpgsqlDefaultDataReader.GetFieldValue[T](Int32 column)
   konum: Npgsql.NpgsqlDataReader.GetBoolean(Int32 ordinal)
   konum: PointBlank.Core.Managers.Server.ServerConfigSyncer.GenerateConfig(Int32 configId) C:\Users\ekobaff!\Desktop\v3.30 yxlmaqcun\v3.24\PointBlank.Core\Managers\Server\ServerConfigSyncer.cs içinde: satır 35
12:03:56 [Error] Npgsql.PostgresException (0x80004005): 42P01: relation "server_cafe" does not exist
   konum: Npgsql.NpgsqlConnector.<>c__DisplayClass161_0.<<ReadMessage>g__ReadMessageLong|0>d.MoveNext()
--- Özel durumun oluşturulduğu önceki konumdan başlayan yığın izlemesinin sonu ---
   konum: System.Runtime.ExceptionServices.ExceptionDispatchInfo.Throw()
   konum: Npgsql.NpgsqlConnector.<>c__DisplayClass161_0.<<ReadMessage>g__ReadMessageLong|0>d.MoveNext()
--- Özel durumun oluşturulduğu önceki konumdan başlayan yığın izlemesinin sonu ---
   konum: System.Runtime.CompilerServices.TaskAwaiter.ThrowForNonSuccess(Task task)
   konum: System.Runtime.CompilerServices.TaskAwaiter.HandleNonSuccessAndDebuggerNotification(Task task)
   konum: System.Threading.Tasks.ValueTask`1.get_Result()
   konum: Npgsql.NpgsqlDataReader.<NextResult>d__46.MoveNext()
--- Özel durumun oluşturulduğu önceki konumdan başlayan yığın izlemesinin sonu ---
   konum: System.Runtime.CompilerServices.TaskAwaiter.ThrowForNonSuccess(Task task)
   konum: System.Runtime.CompilerServices.TaskAwaiter.HandleNonSuccessAndDebuggerNotification(Task task)
   konum: Npgsql.NpgsqlDataReader.NextResult()
   konum: Npgsql.NpgsqlCommand.<ExecuteDbDataReader>d__100.MoveNext()
--- Özel durumun oluşturulduğu önceki konumdan başlayan yığın izlemesinin sonu ---
   konum: System.Runtime.CompilerServices.TaskAwaiter.ThrowForNonSuccess(Task task)
   konum: System.Runtime.CompilerServices.TaskAwaiter.HandleNonSuccessAndDebuggerNotification(Task task)
   konum: Npgsql.NpgsqlCommand.ExecuteDbDataReader(CommandBehavior behavior)
   konum: Npgsql.NpgsqlCommand.ExecuteReader()
   konum: PointBlank.Core.Xml.CafeInventoryXml.Load() C:\Users\ekobaff!\Desktop\v3.30 yxlmaqcun\v3.24\PointBlank.Core\Xml\CafeInventoryXml.cs içinde: satır 35
12:03:56 [Error] System.InvalidCastException: Can't cast database type character varying to Int32
   konum: Npgsql.NpgsqlDefaultDataReader.GetFieldValue[T](Int32 column)
   konum: Npgsql.NpgsqlDataReader.GetInt32(Int32 ordinal)
   konum: PointBlank.Core.Managers.ShopManager.Load(Int32 type) C:\Users\ekobaff!\Desktop\v3.30 yxlmaqcun\v3.24\PointBlank.Core\Managers\ShopManager.cs içinde: satır 69
12:03:56 [Error] System.InvalidCastException: Can't cast database type character varying to Int32
   konum: Npgsql.NpgsqlDefaultDataReader.GetFieldValue[T](Int32 column)
   konum: Npgsql.NpgsqlDataReader.GetInt32(Int32 ordinal)
   konum: PointBlank.Core.Managers.ShopManager.Load(Int32 type) C:\Users\ekobaff!\Desktop\v3.30 yxlmaqcun\v3.24\PointBlank.Core\Managers\ShopManager.cs içinde: satır 69
12:03:56 [Error] Npgsql.PostgresException (0x80004005): 42P01: relation "server_rankeds" does not exist
   konum: Npgsql.NpgsqlConnector.<>c__DisplayClass161_0.<<ReadMessage>g__ReadMessageLong|0>d.MoveNext()
--- Özel durumun oluşturulduğu önceki konumdan başlayan yığın izlemesinin sonu ---
   konum: System.Runtime.ExceptionServices.ExceptionDispatchInfo.Throw()
   konum: Npgsql.NpgsqlConnector.<>c__DisplayClass161_0.<<ReadMessage>g__ReadMessageLong|0>d.MoveNext()
--- Özel durumun oluşturulduğu önceki konumdan başlayan yığın izlemesinin sonu ---
   konum: System.Runtime.CompilerServices.TaskAwaiter.ThrowForNonSuccess(Task task)
   konum: System.Runtime.CompilerServices.TaskAwaiter.HandleNonSuccessAndDebuggerNotification(Task task)
   konum: System.Threading.Tasks.ValueTask`1.get_Result()
   konum: Npgsql.NpgsqlDataReader.<NextResult>d__46.MoveNext()
--- Özel durumun oluşturulduğu önceki konumdan başlayan yığın izlemesinin sonu ---
   konum: System.Runtime.CompilerServices.TaskAwaiter.ThrowForNonSuccess(Task task)
   konum: System.Runtime.CompilerServices.TaskAwaiter.HandleNonSuccessAndDebuggerNotification(Task task)
   konum: Npgsql.NpgsqlDataReader.NextResult()
   konum: Npgsql.NpgsqlCommand.<ExecuteDbDataReader>d__100.MoveNext()
--- Özel durumun oluşturulduğu önceki konumdan başlayan yığın izlemesinin sonu ---
   konum: System.Runtime.CompilerServices.TaskAwaiter.ThrowForNonSuccess(Task task)
   konum: System.Runtime.CompilerServices.TaskAwaiter.HandleNonSuccessAndDebuggerNotification(Task task)
   konum: Npgsql.NpgsqlCommand.ExecuteDbDataReader(CommandBehavior behavior)
   konum: Npgsql.NpgsqlCommand.ExecuteReader()
   konum: PointBlank.Core.Xml.RankedXml.Load() C:\Users\ekobaff!\Desktop\v3.30 yxlmaqcun\v3.24\PointBlank.Core\Xml\RankedXml.cs içinde: satır 33
12:03:56 [Error] Npgsql.PostgresException (0x80004005): 42P01: relation "server_ranked_awards" does not exist
   konum: Npgsql.NpgsqlConnector.<>c__DisplayClass161_0.<<ReadMessage>g__ReadMessageLong|0>d.MoveNext()
--- Özel durumun oluşturulduğu önceki konumdan başlayan yığın izlemesinin sonu ---
   konum: System.Runtime.ExceptionServices.ExceptionDispatchInfo.Throw()
   konum: Npgsql.NpgsqlConnector.<>c__DisplayClass161_0.<<ReadMessage>g__ReadMessageLong|0>d.MoveNext()
--- Özel durumun oluşturulduğu önceki konumdan başlayan yığın izlemesinin sonu ---
   konum: System.Runtime.CompilerServices.TaskAwaiter.ThrowForNonSuccess(Task task)
   konum: System.Runtime.CompilerServices.TaskAwaiter.HandleNonSuccessAndDebuggerNotification(Task task)
   konum: System.Threading.Tasks.ValueTask`1.get_Result()
   konum: Npgsql.NpgsqlDataReader.<NextResult>d__46.MoveNext()
--- Özel durumun oluşturulduğu önceki konumdan başlayan yığın izlemesinin sonu ---
   konum: System.Runtime.CompilerServices.TaskAwaiter.ThrowForNonSuccess(Task task)
   konum: System.Runtime.CompilerServices.TaskAwaiter.HandleNonSuccessAndDebuggerNotification(Task task)
   konum: Npgsql.NpgsqlDataReader.NextResult()
   konum: Npgsql.NpgsqlCommand.<ExecuteDbDataReader>d__100.MoveNext()
--- Özel durumun oluşturulduğu önceki konumdan başlayan yığın izlemesinin sonu ---
   konum: System.Runtime.CompilerServices.TaskAwaiter.ThrowForNonSuccess(Task task)
   konum: System.Runtime.CompilerServices.TaskAwaiter.HandleNonSuccessAndDebuggerNotification(Task task)
   konum: Npgsql.NpgsqlCommand.ExecuteDbDataReader(CommandBehavior behavior)
   konum: Npgsql.NpgsqlCommand.ExecuteReader()
   konum: PointBlank.Core.Xml.RankedXml.LoadAwards() C:\Users\ekobaff!\Desktop\v3.30 yxlmaqcun\v3.24\PointBlank.Core\Xml\RankedXml.cs içinde: satır 138
12:03:56 [Debug] Servidor Iniciado. (21.09.24 12:03:56)
12:03:56 [Error] System.IndexOutOfRangeException: Column must be between 0 and 12
   konum: Npgsql.NpgsqlDefaultDataReader.GetFieldValue[T](Int32 column)
   konum: Npgsql.NpgsqlDataReader.GetBoolean(Int32 ordinal)
   konum: PointBlank.Core.Managers.Server.ServerConfigSyncer.GenerateConfig(Int32 configId) C:\Users\ekobaff!\Desktop\v3.30 yxlmaqcun\v3.24\PointBlank.Core\Managers\Server\ServerConfigSyncer.cs içinde: satır 35
12:03:56 [Debug] Auth Iniciado. 127.0.0.1
