

 ____  ____  _  _      _____    ____  _     ____  _      _  __   _    _____    ____     _ 
/  __\/  _ \/ \/ \  /|/__ __\  /  __\/ \   /  _ \/ \  /|/ |/ /  / \ |\\__  \  /_   \/\ / |
|  \/|| / \|| || |\ ||  / \    | | //| |   | / \|| |\ |||   /   | | //  /  |   /   /\_\| |
|  __/| \_/|| || | \||  | |    | |_\\| |_/\| |-||| | \|||   \   | \//  _\  |__/   /_   | |
\_/   \____/\_/\_/  \|  \_/    \____/\____/\_/ \|\_/  \|\_|\_\  \__/  /____/\/\____/   \_|


12:05:45 [Error] System.IndexOutOfRangeException: Column must be between 0 and 13
   konum: Npgsql.NpgsqlDefaultDataReader.IsDBNull(Int32 ordinal)
   konum: PointBlank.Core.Managers.Server.ServerConfigSyncer.GenerateConfig(Int32 configId) C:\Users\ekobaff!\Desktop\v3.30 yxlmaqcun\v3.24\PointBlank.Core\Managers\Server\ServerConfigSyncer.cs içinde: satır 35
12:05:45 [Error] Npgsql.PostgresException (0x80004005): 42P01: relation "server_weapon" does not exist
   konum: Npgsql.NpgsqlConnector.<>c__DisplayClass161_0.<<ReadMessage>g__ReadMessageLong|0>d.MoveNext()
--- Özel durumun oluşturulduğu önceki konumdan başlayan yığın izlemesinin sonu ---
   konum: System.Runtime.ExceptionServices.ExceptionDispatchInfo.Throw()
   konum: Npgsql.NpgsqlConnector.<>c__DisplayClass161_0.<<ReadMessage>g__ReadMessageLong|0>d.MoveNext()
--- Özel durumun oluşturulduğu önceki konumdan başlayan yığın izlemesinin sonu ---
   konum: System.Runtime.CompilerServices.TaskAwaiter.ThrowForNonSuccess(Task task)
   konum: System.Runtime.CompilerServices.TaskAwaiter.HandleNonSuccessAndDebuggerNotification(Task task)
   konum: System.Threading.Tasks.ValueTask`1.get_Result()
   konum: Npgsql.NpgsqlDataReader.<NextResult>d__46.MoveNext()
--- Özel durumun oluşturulduğu önceki konumdan başlayan yığın izlemesinin sonu ---
   konum: System.Runtime.CompilerServices.TaskAwaiter.ThrowForNonSuccess(Task task)
   konum: System.Runtime.CompilerServices.TaskAwaiter.HandleNonSuccessAndDebuggerNotification(Task task)
   konum: Npgsql.NpgsqlDataReader.NextResult()
   konum: Npgsql.NpgsqlCommand.<ExecuteDbDataReader>d__100.MoveNext()
--- Özel durumun oluşturulduğu önceki konumdan başlayan yığın izlemesinin sonu ---
   konum: System.Runtime.CompilerServices.TaskAwaiter.ThrowForNonSuccess(Task task)
   konum: System.Runtime.CompilerServices.TaskAwaiter.HandleNonSuccessAndDebuggerNotification(Task task)
   konum: Npgsql.NpgsqlCommand.ExecuteDbDataReader(CommandBehavior behavior)
   konum: Npgsql.NpgsqlCommand.ExecuteReader()
   konum: PointBlank.Core.Xml.WeaponExpXml.Load() C:\Users\ekobaff!\Desktop\v3.30 yxlmaqcun\v3.24\PointBlank.Core\Xml\WeaponExpXml.cs içinde: satır 29
12:05:45 [Warning] [BattleBoxManager.Load] 4 carregados.
12:05:47 [Error] System.IndexOutOfRangeException: Column must be between 0 and 13
   konum: Npgsql.NpgsqlDefaultDataReader.IsDBNull(Int32 ordinal)
   konum: PointBlank.Core.Managers.Server.ServerConfigSyncer.GenerateConfig(Int32 configId) C:\Users\ekobaff!\Desktop\v3.30 yxlmaqcun\v3.24\PointBlank.Core\Managers\Server\ServerConfigSyncer.cs içinde: satır 35
12:05:47 [Info] Game Iniciado. [127.0.0.1:39191]
